2023-03-17T08:09:48.517+01:00  WARN 30148 --- [HikariPool-1 housekeeper] com.zaxxer.hikari.pool.HikariPool        : HikariPool-1 - Thread starvation or clock leap detected (housekeeper delta=12h1m48s749ms319µs100ns).
2023-03-17T08:12:35.681+01:00  INFO 30148 --- [SpringApplicationShutdownHook] j.LocalContainerEntityManagerFactoryBean : Closing JPA EntityManagerFactory for persistence unit 'default'
2023-03-17T08:12:35.710+01:00  INFO 30148 --- [SpringApplicationShutdownHook] com.zaxxer.hikari.HikariDataSource       : HikariPool-1 - Shutdown initiated...
2023-03-17T08:12:35.718+01:00  INFO 30148 --- [SpringApplicationShutdownHook] com.zaxxer.hikari.HikariDataSource       : HikariPool-1 - Shutdown completed.
2023-03-17T08:12:42.516+01:00  INFO 23372 --- [main] c.e.c.CalculatorSpringApplication        : Starting CalculatorSpringApplication using Java 19.0.2 with PID 23372 (C:\Users\javev\Desktop\Skole\IDATT2105-Full-stack-applikasjonsutvikling\IDATT2105-Full-stack-applikasjonsutvikling\Backend\CalculatorSpring\target\classes started by javev in C:\Users\javev\Desktop\Skole\IDATT2105-Full-stack-applikasjonsutvikling\IDATT2105-Full-stack-applikasjonsutvikling\Backend\CalculatorSpring)
2023-03-17T08:12:42.519+01:00  INFO 23372 --- [main] c.e.c.CalculatorSpringApplication        : No active profile set, falling back to 1 default profile: "default"
2023-03-17T08:12:43.525+01:00  INFO 23372 --- [main] .s.d.r.c.RepositoryConfigurationDelegate : Bootstrapping Spring Data JPA repositories in DEFAULT mode.
2023-03-17T08:12:43.617+01:00  INFO 23372 --- [main] .s.d.r.c.RepositoryConfigurationDelegate : Finished Spring Data repository scanning in 81 ms. Found 2 JPA repository interfaces.
2023-03-17T08:12:44.276+01:00  INFO 23372 --- [main] o.s.b.w.embedded.tomcat.TomcatWebServer  : Tomcat initialized with port(s): 8080 (http)
2023-03-17T08:12:44.289+01:00  INFO 23372 --- [main] o.apache.catalina.core.StandardService   : Starting service [Tomcat]
2023-03-17T08:12:44.290+01:00  INFO 23372 --- [main] o.apache.catalina.core.StandardEngine    : Starting Servlet engine: [Apache Tomcat/10.1.5]
2023-03-17T08:12:44.407+01:00  INFO 23372 --- [main] o.a.c.c.C.[Tomcat].[localhost].[/]       : Initializing Spring embedded WebApplicationContext
2023-03-17T08:12:44.408+01:00  INFO 23372 --- [main] w.s.c.ServletWebServerApplicationContext : Root WebApplicationContext: initialization completed in 1832 ms
2023-03-17T08:12:44.615+01:00  INFO 23372 --- [main] o.hibernate.jpa.internal.util.LogHelper  : HHH000204: Processing PersistenceUnitInfo [name: default]
2023-03-17T08:12:44.700+01:00  INFO 23372 --- [main] org.hibernate.Version                    : HHH000412: Hibernate ORM core version 6.1.6.Final
2023-03-17T08:12:44.946+01:00  WARN 23372 --- [main] org.hibernate.orm.deprecation            : HHH90000021: Encountered deprecated setting [javax.persistence.sharedCache.mode], use [jakarta.persistence.sharedCache.mode] instead
2023-03-17T08:12:45.106+01:00  INFO 23372 --- [main] com.zaxxer.hikari.HikariDataSource       : HikariPool-1 - Starting...
2023-03-17T08:12:45.300+01:00  INFO 23372 --- [main] com.zaxxer.hikari.pool.HikariPool        : HikariPool-1 - Added connection com.mysql.cj.jdbc.ConnectionImpl@7de35070
2023-03-17T08:12:45.303+01:00  INFO 23372 --- [main] com.zaxxer.hikari.HikariDataSource       : HikariPool-1 - Start completed.
2023-03-17T08:12:45.332+01:00  INFO 23372 --- [main] SQL dialect                              : HHH000400: Using dialect: org.hibernate.dialect.MySQL8Dialect
2023-03-17T08:12:45.333+01:00  WARN 23372 --- [main] org.hibernate.orm.deprecation            : HHH90000026: MySQL8Dialect has been deprecated; use org.hibernate.dialect.MySQLDialect instead
2023-03-17T08:12:46.482+01:00  INFO 23372 --- [main] o.h.e.t.j.p.i.JtaPlatformInitiator       : HHH000490: Using JtaPlatform implementation: [org.hibernate.engine.transaction.jta.platform.internal.NoJtaPlatform]
2023-03-17T08:12:46.499+01:00  INFO 23372 --- [main] j.LocalContainerEntityManagerFactoryBean : Initialized JPA EntityManagerFactory for persistence unit 'default'
2023-03-17T08:12:47.022+01:00  WARN 23372 --- [main] JpaBaseConfiguration$JpaWebConfiguration : spring.jpa.open-in-view is enabled by default. Therefore, database queries may be performed during view rendering. Explicitly configure spring.jpa.open-in-view to disable this warning
2023-03-17T08:12:47.053+01:00  WARN 23372 --- [main] .s.s.UserDetailsServiceAutoConfiguration : 

Using generated security password: 1532db1f-12e5-4084-8f2e-16818ebc4173

This generated password is for development use only. Your security configuration must be updated before running your application in production.

2023-03-17T08:12:47.465+01:00  INFO 23372 --- [main] o.s.s.web.DefaultSecurityFilterChain     : Will secure any request with [org.springframework.security.web.session.DisableEncodeUrlFilter@7a74672, org.springframework.security.web.context.request.async.WebAsyncManagerIntegrationFilter@35b79b1f, org.springframework.security.web.context.SecurityContextHolderFilter@f0d01c9, org.springframework.security.web.header.HeaderWriterFilter@18ffc008, org.springframework.web.filter.CorsFilter@664083f6, org.springframework.security.web.authentication.logout.LogoutFilter@572db5ee, com.example.calculatorspring.Security.JWTAuthorizationFilter@5a8835c6, org.springframework.security.web.savedrequest.RequestCacheAwareFilter@205b73d8, org.springframework.security.web.servletapi.SecurityContextHolderAwareRequestFilter@5b2c41f9, org.springframework.security.web.authentication.AnonymousAuthenticationFilter@67216c33, org.springframework.security.web.session.SessionManagementFilter@1c65ec63, org.springframework.security.web.access.ExceptionTranslationFilter@400df2b3, org.springframework.security.web.access.intercept.AuthorizationFilter@7c59cf66]
2023-03-17T08:12:47.795+01:00  INFO 23372 --- [main] o.s.b.w.embedded.tomcat.TomcatWebServer  : Tomcat started on port(s): 8080 (http) with context path ''
2023-03-17T08:12:47.808+01:00  INFO 23372 --- [main] c.e.c.CalculatorSpringApplication        : Started CalculatorSpringApplication in 5.927 seconds (process running for 7.261)
2023-03-17T08:13:15.841+01:00  INFO 23372 --- [http-nio-8080-exec-1] o.a.c.c.C.[Tomcat].[localhost].[/]       : Initializing Spring DispatcherServlet 'dispatcherServlet'
2023-03-17T08:13:15.842+01:00  INFO 23372 --- [http-nio-8080-exec-1] o.s.web.servlet.DispatcherServlet        : Initializing Servlet 'dispatcherServlet'
2023-03-17T08:13:15.846+01:00  INFO 23372 --- [http-nio-8080-exec-1] o.s.web.servlet.DispatcherServlet        : Completed initialization in 3 ms
